# JRE version: OpenJDK Runtime Environment (8.0_242-b01) (build 1.8.0_242-release-1644-b01)
# Java VM: OpenJDK 64-Bit Server VM (25.242-b01 mixed mode windows-amd64 compressed oops)
Heap:
 PSYoungGen      total 402432K, used 323858K [0x00000000d5580000, 0x00000000f2000000, 0x0000000100000000)
  eden space 361472K, 82% used [0x00000000d5580000,0x00000000e776dae8,0x00000000eb680000)
  from space 40960K, 65% used [0x00000000ee000000,0x00000000efa570e0,0x00000000f0800000)
  to   space 42496K, 0% used [0x00000000eb680000,0x00000000eb680000,0x00000000ee000000)
 ParOldGen       total 202240K, used 84390K [0x0000000080000000, 0x000000008c580000, 0x00000000d5580000)
  object space 202240K, 41% used [0x0000000080000000,0x0000000085269b10,0x000000008c580000)
 Metaspace       used 92471K, capacity 97184K, committed 98200K, reserved 1134592K
  class space    used 12261K, capacity 13140K, committed 13480K, reserved 1048576K
GC Heap History (10 events):
Event: 93.915 GC heap before
{Heap before GC invocations=22 (full 5):
 PSYoungGen      total 360448K, used 329216K [0x00000000d5580000, 0x00000000f1b00000, 0x0000000100000000)
  eden space 329216K, 100% used [0x00000000d5580000,0x00000000e9700000,0x00000000e9700000)
  from space 31232K, 0% used [0x00000000e9700000,0x00000000e9700000,0x00000000eb580000)
  to   space 43008K, 0% used [0x00000000ef100000,0x00000000ef100000,0x00000000f1b00000)
 ParOldGen       total 84480K, used 79743K [0x0000000080000000, 0x0000000085280000, 0x00000000d5580000)
  object space 84480K, 94% used [0x0000000080000000,0x0000000084ddfe58,0x0000000085280000)
 Metaspace       used 91876K, capacity 96508K, committed 97688K, reserved 1134592K
  class space    used 12229K, capacity 13116K, committed 13480K, reserved 1048576K
Event: 94.602 GC heap after
Heap after GC invocations=22 (full 5):
 PSYoungGen      total 360448K, used 13476K [0x00000000d5580000, 0x00000000f1b00000, 0x0000000100000000)
  eden space 329216K, 4% used [0x00000000d5580000,0x00000000d62a9358,0x00000000e9700000)
  from space 31232K, 0% used [0x00000000e9700000,0x00000000e9700000,0x00000000eb580000)
  to   space 43008K, 0% used [0x00000000ef100000,0x00000000ef100000,0x00000000f1b00000)
 ParOldGen       total 84480K, used 84439K [0x0000000080000000, 0x0000000085280000, 0x00000000d5580000)
  object space 84480K, 99% used [0x0000000080000000,0x0000000085275f40,0x0000000085280000)
 Metaspace       used 91873K, capacity 96504K, committed 97688K, reserved 1134592K
  class space    used 12228K, capacity 13114K, committed 13480K, reserved 1048576K
}
Event: 96.546 GC heap before
{Heap before GC invocations=23 (full 6):
 PSYoungGen      total 360448K, used 329216K [0x00000000d5580000, 0x00000000f1b00000, 0x0000000100000000)
  eden space 329216K, 100% used [0x00000000d5580000,0x00000000e9700000,0x00000000e9700000)
  from space 31232K, 0% used [0x00000000e9700000,0x00000000e9700000,0x00000000eb580000)
  to   space 43008K, 0% used [0x00000000ef100000,0x00000000ef100000,0x00000000f1b00000)
 ParOldGen       total 84480K, used 84439K [0x0000000080000000, 0x0000000085280000, 0x00000000d5580000)
  object space 84480K, 99% used [0x0000000080000000,0x0000000085275f40,0x0000000085280000)
 Metaspace       used 92071K, capacity 96756K, committed 97944K, reserved 1134592K
  class space    used 12239K, capacity 13124K, committed 13480K, reserved 1048576K
Event: 97.040 GC heap after
Heap after GC invocations=23 (full 6):
 PSYoungGen      total 360448K, used 7242K [0x00000000d5580000, 0x00000000f1b00000, 0x0000000100000000)
  eden space 329216K, 2% used [0x00000000d5580000,0x00000000d5c92b50,0x00000000e9700000)
  from space 31232K, 0% used [0x00000000e9700000,0x00000000e9700000,0x00000000eb580000)
  to   space 43008K, 0% used [0x00000000ef100000,0x00000000ef100000,0x00000000f1b00000)
 ParOldGen       total 202240K, used 84374K [0x0000000080000000, 0x000000008c580000, 0x00000000d5580000)
  object space 202240K, 41% used [0x0000000080000000,0x0000000085265b10,0x000000008c580000)
 Metaspace       used 92071K, capacity 96756K, committed 97944K, reserved 1134592K
  class space    used 12239K, capacity 13124K, committed 13480K, reserved 1048576K
}
Event: 98.660 GC heap before
{Heap before GC invocations=24 (full 6):
 PSYoungGen      total 360448K, used 329216K [0x00000000d5580000, 0x00000000f1b00000, 0x0000000100000000)
  eden space 329216K, 100% used [0x00000000d5580000,0x00000000e9700000,0x00000000e9700000)
  from space 31232K, 0% used [0x00000000e9700000,0x00000000e9700000,0x00000000eb580000)
  to   space 43008K, 0% used [0x00000000ef100000,0x00000000ef100000,0x00000000f1b00000)
 ParOldGen       total 202240K, used 84374K [0x0000000080000000, 0x000000008c580000, 0x00000000d5580000)
  object space 202240K, 41% used [0x0000000080000000,0x0000000085265b10,0x000000008c580000)
 Metaspace       used 92113K, capacity 96774K, committed 97944K, reserved 1134592K
  class space    used 12241K, capacity 13127K, committed 13480K, reserved 1048576K
Event: 98.744 GC heap after
Heap after GC invocations=24 (full 6):
 PSYoungGen      total 357376K, used 14913K [0x00000000d5580000, 0x00000000f0000000, 0x0000000100000000)
  eden space 342016K, 0% used [0x00000000d5580000,0x00000000d5580000,0x00000000ea380000)
  from space 15360K, 97% used [0x00000000ef100000,0x00000000eff90578,0x00000000f0000000)
  to   space 40448K, 0% used [0x00000000eb100000,0x00000000eb100000,0x00000000ed880000)
 ParOldGen       total 202240K, used 84382K [0x0000000080000000, 0x000000008c580000, 0x00000000d5580000)
  object space 202240K, 41% used [0x0000000080000000,0x0000000085267b10,0x000000008c580000)
 Metaspace       used 92113K, capacity 96774K, committed 97944K, reserved 1134592K
  class space    used 12241K, capacity 13127K, committed 13480K, reserved 1048576K
}
Event: 100.400 GC heap before
{Heap before GC invocations=25 (full 6):
 PSYoungGen      total 357376K, used 356929K [0x00000000d5580000, 0x00000000f0000000, 0x0000000100000000)
  eden space 342016K, 100% used [0x00000000d5580000,0x00000000ea380000,0x00000000ea380000)
  from space 15360K, 97% used [0x00000000ef100000,0x00000000eff90578,0x00000000f0000000)
  to   space 40448K, 0% used [0x00000000eb100000,0x00000000eb100000,0x00000000ed880000)
 ParOldGen       total 202240K, used 84382K [0x0000000080000000, 0x000000008c580000, 0x00000000d5580000)
  object space 202240K, 41% used [0x0000000080000000,0x0000000085267b10,0x000000008c580000)
 Metaspace       used 92226K, capacity 96926K, committed 97944K, reserved 1134592K
  class space    used 12252K, capacity 13129K, committed 13480K, reserved 1048576K
Event: 100.461 GC heap after
Heap after GC invocations=25 (full 6):
 PSYoungGen      total 396288K, used 24448K [0x00000000d5580000, 0x00000000f0800000, 0x0000000100000000)
  eden space 355840K, 0% used [0x00000000d5580000,0x00000000d5580000,0x00000000eb100000)
  from space 40448K, 60% used [0x00000000eb100000,0x00000000ec8e00f0,0x00000000ed880000)
  to   space 40960K, 0% used [0x00000000ee000000,0x00000000ee000000,0x00000000f0800000)
 ParOldGen       total 202240K, used 84382K [0x0000000080000000, 0x000000008c580000, 0x00000000d5580000)
  object space 202240K, 41% used [0x0000000080000000,0x0000000085267b10,0x000000008c580000)
 Metaspace       used 92226K, capacity 96926K, committed 97944K, reserved 1134592K
  class space    used 12252K, capacity 13129K, committed 13480K, reserved 1048576K
}
Event: 102.103 GC heap before
{Heap before GC invocations=26 (full 6):
 PSYoungGen      total 396288K, used 380288K [0x00000000d5580000, 0x00000000f0800000, 0x0000000100000000)
  eden space 355840K, 100% used [0x00000000d5580000,0x00000000eb100000,0x00000000eb100000)
  from space 40448K, 60% used [0x00000000eb100000,0x00000000ec8e00f0,0x00000000ed880000)
  to   space 40960K, 0% used [0x00000000ee000000,0x00000000ee000000,0x00000000f0800000)
 ParOldGen       total 202240K, used 84382K [0x0000000080000000, 0x000000008c580000, 0x00000000d5580000)
  object space 202240K, 41% used [0x0000000080000000,0x0000000085267b10,0x000000008c580000)
 Metaspace       used 92251K, capacity 96926K, committed 97944K, reserved 1134592K
  class space    used 12253K, capacity 13129K, committed 13480K, reserved 1048576K
Event: 102.176 GC heap after
Heap after GC invocations=26 (full 6):
 PSYoungGen      total 402432K, used 26972K [0x00000000d5580000, 0x00000000f2000000, 0x0000000100000000)
  eden space 361472K, 0% used [0x00000000d5580000,0x00000000d5580000,0x00000000eb680000)
  from space 40960K, 65% used [0x00000000ee000000,0x00000000efa570e0,0x00000000f0800000)
  to   space 42496K, 0% used [0x00000000eb680000,0x00000000eb680000,0x00000000ee000000)
 ParOldGen       total 202240K, used 84390K [0x0000000080000000, 0x000000008c580000, 0x00000000d5580000)
  object space 202240K, 41% used [0x0000000080000000,0x0000000085269b10,0x000000008c580000)
 Metaspace       used 92251K, capacity 96926K, committed 97944K, reserved 1134592K
  class space    used 12253K, capacity 13129K, committed 13480K, reserved 1048576K
}

